{
  "RSpec": {
    "coverage": {
      "/Users/lambo/turing/work/3mod/intermission/date-night/spec/binary_search_tree_spec.rb": {
        "lines": [
          1,
          1,
          null,
          1,
          1,
          1,
          null,
          1,
          null,
          null,
          1,
          1,
          null,
          1,
          null,
          null
        ]
      },
      "/Users/lambo/turing/work/3mod/intermission/date-night/lib/node.rb": {
        "lines": [
          1,
          null,
          1,
          null,
          1,
          1,
          1,
          1,
          1,
          null,
          null
        ]
      },
      "/Users/lambo/turing/work/3mod/intermission/date-night/lib/binary_search_tree.rb": {
        "lines": [
          1,
          null,
          1,
          null,
          1,
          2,
          null,
          null
        ]
      },
      "/Users/lambo/turing/work/3mod/intermission/date-night/spec/node_spec.rb": {
        "lines": [
          1,
          1,
          null,
          1,
          1,
          1,
          null,
          1,
          1,
          1,
          1,
          1,
          null,
          null
        ]
      }
    },
    "timestamp": 1706062983
  }
}
